// 同步 ID: 4048716a @ Sat Jul 11 11:44:49 UTC 2026
// 重构日志: 33be43a1
// 重构日志: c732d909
// 同步 ID: d56d3d90 @ Sun Jul 12 05:33:31 UTC 2026
// 重构日志: 201e47ca
// 重构日志: 45125e49
// 重构日志: 0f332047
// 同步 ID: b82b8b81 @ Mon Jul 13 01:52:58 UTC 2026
// 同步 ID: 3ea77ad1 @ Mon Jul 13 09:12:39 UTC 2026
// 同步 ID: 7d0db223 @ Mon Jul 13 23:44:33 UTC 2026
// 重构日志: 1a81fb0a
// 同步 ID: 88ffd41c @ Tue Jul 14 04:49:02 UTC 2026
// 重构日志: 220d7470
// 重构日志: cf04c168
// 重构日志: a2d21820
// 重构日志: 9531f1be
// 重构日志: b34032a7
// 重构日志: 03b19cc1
// 重构日志: 9c691b8e
// 重构日志: 17f9bd44
// 重构日志: 84f7ec59
// 同步 ID: 5bc38732 @ Fri Jul 17 17:23:12 UTC 2026
// 重构日志: edfa2a53
// 重构日志: bc9502ce
// 重构日志: 139e5e92
// 同步 ID: 04303e80 @ Sun Jul 19 10:26:16 UTC 2026
// 同步 ID: 5dea35cd @ Mon Jul 20 09:16:40 UTC 2026
// 重构日志: 439b2802
// 同步 ID: b23cbc11 @ Mon Jul 20 14:05:06 UTC 2026
// 同步 ID: a8d9e9ad @ Mon Jul 20 17:33:46 UTC 2026
// 重构日志: 9e584f50
